<?xml version="1.0" encoding="UTF-8"?>

<beans xmlns="http://www.springframework.org/schema/beans"
	xmlns:aop="http://www.springframework.org/schema/aop" xmlns:context="http://www.springframework.org/schema/context"
	xmlns:jee="http://www.springframework.org/schema/jee" xmlns:tx="http://www.springframework.org/schema/tx"
	xmlns:xsi="http://www.w3.org/2001/XMLSchema-instance"
	xsi:schemaLocation="http://www.springframework.org/schema/aop http://www.springframework.org/schema/aop/spring-aop-3.0.xsd   http://www.springframework.org/schema/beans http://www.springframework.org/schema/beans/spring-beans-3.0.xsd   http://www.springframework.org/schema/context http://www.springframework.org/schema/context/spring-context-3.0.xsd   http://www.springframework.org/schema/jee http://www.springframework.org/schema/jee/spring-jee-3.0.xsd   http://www.springframework.org/schema/tx http://www.springframework.org/schema/tx/spring-tx-3.0.xsd">

    <context:property-placeholder location="classpath:config/test.properties"/>
	<context:component-scan base-package="ejava.ws.other.jersey"/>
	<!-- not needed: picked up by component-scan
    <bean class="ejava.ws.other.jersey.rs.AppConfig"/>
	 -->
 	
	<bean class="org.mortbay.jetty.Server" init-method="start" destroy-method="stop">
		<constructor-arg name="port" value="${jetty.port}"/>
		<property name="handler">
			<bean class="org.mortbay.jetty.webapp.WebAppContext">
				<property name="resourceBase" value="${resourceBase}"/>
				<property name="contextPath" value="${contextPath}"/>
                <property name="overrideDescriptor" value="target/test-classes/WEB-INF/web-override.xml"/>
			</bean>
		</property>
	</bean>
	
	<bean class="com.sun.jersey.api.client.Client" factory-method="create">
	   <property name="followRedirects" value="true"/>
	</bean>
</beans>
